# JRE version: OpenJDK Runtime Environment (11.0.15) (build 11.0.15+0-b2043.56-9505619)
# Java VM: OpenJDK 64-Bit Server VM (11.0.15+0-b2043.56-9505619, mixed mode, tiered, compressed oops, g1 gc, windows-amd64)
Heap:
 garbage-first heap   total 278528K, used 111758K [0x0000000080000000, 0x0000000100000000)
  region size 1024K, 1 young (1024K), 1 survivors (1024K)
 Metaspace       used 128526K, capacity 133024K, committed 133148K, reserved 1165312K
  class space    used 16489K, capacity 18228K, committed 18284K, reserved 1048576K
GC Heap History (20 events):
Event: 742.748 GC heap after
{Heap after GC invocations=52 (full 0):
 garbage-first heap   total 181248K, used 130906K [0x0000000080000000, 0x0000000100000000)
  region size 1024K, 3 young (3072K), 3 survivors (3072K)
 Metaspace       used 121727K, capacity 125924K, committed 126236K, reserved 1159168K
  class space    used 15808K, capacity 17433K, committed 17516K, reserved 1048576K
}
Event: 743.003 GC heap before
{Heap before GC invocations=52 (full 0):
 garbage-first heap   total 181248K, used 164698K [0x0000000080000000, 0x0000000100000000)
  region size 1024K, 19 young (19456K), 3 survivors (3072K)
 Metaspace       used 122076K, capacity 126319K, committed 126492K, reserved 1159168K
  class space    used 15833K, capacity 17446K, committed 17516K, reserved 1048576K
}
Event: 743.012 GC heap after
{Heap after GC invocations=53 (full 0):
 garbage-first heap   total 181248K, used 133130K [0x0000000080000000, 0x0000000100000000)
  region size 1024K, 3 young (3072K), 3 survivors (3072K)
 Metaspace       used 122076K, capacity 126319K, committed 126492K, reserved 1159168K
  class space    used 15833K, capacity 17446K, committed 17516K, reserved 1048576K
}
Event: 743.113 GC heap before
{Heap before GC invocations=54 (full 0):
 garbage-first heap   total 181248K, used 148490K [0x0000000080000000, 0x0000000100000000)
  region size 1024K, 18 young (18432K), 3 survivors (3072K)
 Metaspace       used 122404K, capacity 126713K, committed 126876K, reserved 1159168K
  class space    used 15868K, capacity 17550K, committed 17644K, reserved 1048576K
}
Event: 743.118 GC heap after
{Heap after GC invocations=55 (full 0):
 garbage-first heap   total 181248K, used 136005K [0x0000000080000000, 0x0000000100000000)
  region size 1024K, 3 young (3072K), 3 survivors (3072K)
 Metaspace       used 122404K, capacity 126713K, committed 126876K, reserved 1159168K
  class space    used 15868K, capacity 17550K, committed 17644K, reserved 1048576K
}
Event: 743.227 GC heap before
{Heap before GC invocations=55 (full 0):
 garbage-first heap   total 181248K, used 140101K [0x0000000080000000, 0x0000000100000000)
  region size 1024K, 8 young (8192K), 3 survivors (3072K)
 Metaspace       used 123137K, capacity 127422K, committed 127644K, reserved 1159168K
  class space    used 15942K, capacity 17627K, committed 17644K, reserved 1048576K
}
Event: 743.232 GC heap after
{Heap after GC invocations=56 (full 0):
 garbage-first heap   total 181248K, used 135649K [0x0000000080000000, 0x0000000100000000)
  region size 1024K, 1 young (1024K), 1 survivors (1024K)
 Metaspace       used 123137K, capacity 127422K, committed 127644K, reserved 1159168K
  class space    used 15942K, capacity 17627K, committed 17644K, reserved 1048576K
}
Event: 743.434 GC heap before
{Heap before GC invocations=56 (full 0):
 garbage-first heap   total 181248K, used 149985K [0x0000000080000000, 0x0000000100000000)
  region size 1024K, 16 young (16384K), 1 survivors (1024K)
 Metaspace       used 125253K, capacity 129648K, committed 129692K, reserved 1161216K
  class space    used 16150K, capacity 17857K, committed 17900K, reserved 1048576K
}
Event: 743.439 GC heap after
{Heap after GC invocations=57 (full 0):
 garbage-first heap   total 181248K, used 136766K [0x0000000080000000, 0x0000000100000000)
  region size 1024K, 2 young (2048K), 2 survivors (2048K)
 Metaspace       used 125253K, capacity 129648K, committed 129692K, reserved 1161216K
  class space    used 16150K, capacity 17857K, committed 17900K, reserved 1048576K
}
Event: 743.765 GC heap before
{Heap before GC invocations=58 (full 0):
 garbage-first heap   total 181248K, used 139838K [0x0000000080000000, 0x0000000100000000)
  region size 1024K, 17 young (17408K), 2 survivors (2048K)
 Metaspace       used 125684K, capacity 130011K, committed 130332K, reserved 1161216K
  class space    used 16182K, capacity 17874K, committed 18028K, reserved 1048576K
}
Event: 743.770 GC heap after
{Heap after GC invocations=59 (full 0):
 garbage-first heap   total 181248K, used 127082K [0x0000000080000000, 0x0000000100000000)
  region size 1024K, 3 young (3072K), 3 survivors (3072K)
 Metaspace       used 125684K, capacity 130011K, committed 130332K, reserved 1161216K
  class space    used 16182K, capacity 17874K, committed 18028K, reserved 1048576K
}
Event: 743.810 GC heap before
{Heap before GC invocations=59 (full 0):
 garbage-first heap   total 181248K, used 132202K [0x0000000080000000, 0x0000000100000000)
  region size 1024K, 8 young (8192K), 3 survivors (3072K)
 Metaspace       used 125770K, capacity 130093K, committed 130332K, reserved 1161216K
  class space    used 16188K, capacity 17880K, committed 18028K, reserved 1048576K
}
Event: 743.818 GC heap after
{Heap after GC invocations=60 (full 0):
 garbage-first heap   total 218112K, used 109950K [0x0000000080000000, 0x0000000100000000)
  region size 1024K, 1 young (1024K), 1 survivors (1024K)
 Metaspace       used 125770K, capacity 130093K, committed 130332K, reserved 1161216K
  class space    used 16188K, capacity 17880K, committed 18028K, reserved 1048576K
}
Event: 743.896 GC heap before
{Heap before GC invocations=60 (full 0):
 garbage-first heap   total 218112K, used 119166K [0x0000000080000000, 0x0000000100000000)
  region size 1024K, 10 young (10240K), 1 survivors (1024K)
 Metaspace       used 125965K, capacity 130322K, committed 130588K, reserved 1161216K
  class space    used 16203K, capacity 17912K, committed 18028K, reserved 1048576K
}
Event: 743.905 GC heap after
{Heap after GC invocations=61 (full 0):
 garbage-first heap   total 218112K, used 109460K [0x0000000080000000, 0x0000000100000000)
  region size 1024K, 2 young (2048K), 2 survivors (2048K)
 Metaspace       used 125965K, capacity 130322K, committed 130588K, reserved 1161216K
  class space    used 16203K, capacity 17912K, committed 18028K, reserved 1048576K
}
Event: 744.176 GC heap before
{Heap before GC invocations=61 (full 0):
 garbage-first heap   total 218112K, used 153492K [0x0000000080000000, 0x0000000100000000)
  region size 1024K, 46 young (47104K), 2 survivors (2048K)
 Metaspace       used 126547K, capacity 130950K, committed 131100K, reserved 1163264K
  class space    used 16267K, capacity 17969K, committed 18028K, reserved 1048576K
}
Event: 744.182 GC heap after
{Heap after GC invocations=62 (full 0):
 garbage-first heap   total 218112K, used 111683K [0x0000000080000000, 0x0000000100000000)
  region size 1024K, 4 young (4096K), 4 survivors (4096K)
 Metaspace       used 126547K, capacity 130950K, committed 131100K, reserved 1163264K
  class space    used 16267K, capacity 17969K, committed 18028K, reserved 1048576K
}
Event: 744.590 GC heap before
{Heap before GC invocations=63 (full 0):
 garbage-first heap   total 218112K, used 158787K [0x0000000080000000, 0x0000000100000000)
  region size 1024K, 51 young (52224K), 4 survivors (4096K)
 Metaspace       used 128214K, capacity 132610K, committed 132764K, reserved 1163264K
  class space    used 16439K, capacity 18154K, committed 18156K, reserved 1048576K
}
Event: 744.596 GC heap after
{Heap after GC invocations=64 (full 0):
 garbage-first heap   total 218112K, used 112238K [0x0000000080000000, 0x0000000100000000)
  region size 1024K, 5 young (5120K), 5 survivors (5120K)
 Metaspace       used 128214K, capacity 132610K, committed 132764K, reserved 1163264K
  class space    used 16439K, capacity 18154K, committed 18156K, reserved 1048576K
}
Event: 744.664 GC heap before
{Heap before GC invocations=64 (full 0):
 garbage-first heap   total 218112K, used 117358K [0x0000000080000000, 0x0000000100000000)
  region size 1024K, 10 young (10240K), 5 survivors (5120K)
 Metaspace       used 128526K, capacity 133024K, committed 133148K, reserved 1165312K
  class space    used 16489K, capacity 18228K, committed 18284K, reserved 1048576K
}

